<?xml version="1.0" encoding="UTF-8"?>
<checkstyle version="6.18">
<file name="D:\FACULTATE\ANIV\DS\assignment2\user_ms\src\main\java\ro\tuc\ds2020\configs\ApplicationConfig.java">
<error line="22" column="5" severity="warning" message="Method &apos;userDetailsService&apos; is not designed for extension - needs to be abstract, final or empty." source="com.puppycrawl.tools.checkstyle.checks.design.DesignForExtensionCheck"/>
<error line="28" column="5" severity="warning" message="Method &apos;authenticationProvider&apos; is not designed for extension - needs to be abstract, final or empty." source="com.puppycrawl.tools.checkstyle.checks.design.DesignForExtensionCheck"/>
<error line="36" column="5" severity="warning" message="Method &apos;passwordEncoder&apos; is not designed for extension - needs to be abstract, final or empty." source="com.puppycrawl.tools.checkstyle.checks.design.DesignForExtensionCheck"/>
<error line="41" column="5" severity="warning" message="Method &apos;authenticationManager&apos; is not designed for extension - needs to be abstract, final or empty." source="com.puppycrawl.tools.checkstyle.checks.design.DesignForExtensionCheck"/>
<error line="42" column="56" severity="warning" message="Parameter config should be final." source="com.puppycrawl.tools.checkstyle.checks.FinalParametersCheck"/>
</file>
<file name="D:\FACULTATE\ANIV\DS\assignment2\user_ms\src\main\java\ro\tuc\ds2020\configs\CorsConfig.java">
<error line="10" column="5" severity="warning" message="Method &apos;corsFilter&apos; is not designed for extension - needs to be abstract, final or empty." source="com.puppycrawl.tools.checkstyle.checks.design.DesignForExtensionCheck"/>
</file>
<file name="D:\FACULTATE\ANIV\DS\assignment2\user_ms\src\main\java\ro\tuc\ds2020\configs\JwtAuthenticationFilter.java">
<error line="25" column="5" severity="warning" message="Method &apos;doFilterInternal&apos; is not designed for extension - needs to be abstract, final or empty." source="com.puppycrawl.tools.checkstyle.checks.design.DesignForExtensionCheck"/>
<error line="27" column="13" severity="warning" message="Parameter request should be final." source="com.puppycrawl.tools.checkstyle.checks.FinalParametersCheck"/>
<error line="28" column="13" severity="warning" message="Parameter response should be final." source="com.puppycrawl.tools.checkstyle.checks.FinalParametersCheck"/>
<error line="29" column="13" severity="warning" message="Parameter filterChain should be final." source="com.puppycrawl.tools.checkstyle.checks.FinalParametersCheck"/>
<error line="38" column="36" severity="warning" message="&apos;7&apos; is a magic number." source="com.puppycrawl.tools.checkstyle.checks.coding.MagicNumberCheck"/>
</file>
<file name="D:\FACULTATE\ANIV\DS\assignment2\user_ms\src\main\java\ro\tuc\ds2020\configs\JwtService.java">
<error line="22" column="5" severity="warning" message="Method &apos;extractUsername&apos; is not designed for extension - needs to be abstract, final or empty." source="com.puppycrawl.tools.checkstyle.checks.design.DesignForExtensionCheck"/>
<error line="22" column="35" severity="warning" message="Parameter token should be final." source="com.puppycrawl.tools.checkstyle.checks.FinalParametersCheck"/>
<error line="26" column="5" severity="warning" message="Method &apos;extractClaim&apos; is not designed for extension - needs to be abstract, final or empty." source="com.puppycrawl.tools.checkstyle.checks.design.DesignForExtensionCheck"/>
<error line="26" column="31" severity="warning" message="Parameter token should be final." source="com.puppycrawl.tools.checkstyle.checks.FinalParametersCheck"/>
<error line="26" column="45" severity="warning" message="Parameter claimsResolver should be final." source="com.puppycrawl.tools.checkstyle.checks.FinalParametersCheck"/>
<error line="31" column="5" severity="warning" message="Method &apos;generateToken&apos; is not designed for extension - needs to be abstract, final or empty." source="com.puppycrawl.tools.checkstyle.checks.design.DesignForExtensionCheck"/>
<error line="31" column="33" severity="warning" message="Parameter userDetails should be final." source="com.puppycrawl.tools.checkstyle.checks.FinalParametersCheck"/>
<error line="35" column="5" severity="warning" message="Method &apos;generateToken&apos; is not designed for extension - needs to be abstract, final or empty." source="com.puppycrawl.tools.checkstyle.checks.design.DesignForExtensionCheck"/>
<error line="35" column="33" severity="warning" message="Parameter extraClaims should be final." source="com.puppycrawl.tools.checkstyle.checks.FinalParametersCheck"/>
<error line="35" column="66" severity="warning" message="Parameter userDetails should be final." source="com.puppycrawl.tools.checkstyle.checks.FinalParametersCheck"/>
<error line="40" column="70" severity="warning" message="&apos;1000&apos; is a magic number." source="com.puppycrawl.tools.checkstyle.checks.coding.MagicNumberCheck"/>
<error line="40" column="77" severity="warning" message="&apos;60&apos; is a magic number." source="com.puppycrawl.tools.checkstyle.checks.coding.MagicNumberCheck"/>
<error line="40" column="82" severity="warning" message="&apos;24&apos; is a magic number." source="com.puppycrawl.tools.checkstyle.checks.coding.MagicNumberCheck"/>
<error line="45" column="5" severity="warning" message="Method &apos;isTokenValid&apos; is not designed for extension - needs to be abstract, final or empty." source="com.puppycrawl.tools.checkstyle.checks.design.DesignForExtensionCheck"/>
<error line="45" column="33" severity="warning" message="Parameter token should be final." source="com.puppycrawl.tools.checkstyle.checks.FinalParametersCheck"/>
<error line="45" column="47" severity="warning" message="Parameter userDetails should be final." source="com.puppycrawl.tools.checkstyle.checks.FinalParametersCheck"/>
<error line="50" column="36" severity="warning" message="Parameter token should be final." source="com.puppycrawl.tools.checkstyle.checks.FinalParametersCheck"/>
<error line="54" column="36" severity="warning" message="Parameter token should be final." source="com.puppycrawl.tools.checkstyle.checks.FinalParametersCheck"/>
<error line="58" column="37" severity="warning" message="Parameter token should be final." source="com.puppycrawl.tools.checkstyle.checks.FinalParametersCheck"/>
</file>
<file name="D:\FACULTATE\ANIV\DS\assignment2\user_ms\src\main\java\ro\tuc\ds2020\configs\SecurityConfig.java">
<error line="16" column="15" severity="warning" message="Unused import - org.springframework.security.config.http.SessionCreationPolicy.STATELESS." source="com.puppycrawl.tools.checkstyle.checks.imports.UnusedImportsCheck"/>
<error line="26" column="5" severity="warning" message="Method &apos;securityFilterChain&apos; is not designed for extension - needs to be abstract, final or empty." source="com.puppycrawl.tools.checkstyle.checks.design.DesignForExtensionCheck"/>
<error line="27" column="52" severity="warning" message="Parameter http should be final." source="com.puppycrawl.tools.checkstyle.checks.FinalParametersCheck"/>
</file>
<file name="D:\FACULTATE\ANIV\DS\assignment2\user_ms\src\main\java\ro\tuc\ds2020\contracts\requests\LoginRequest.java">
<error line="7" column="25" severity="warning" message="Parameter username should be final." source="com.puppycrawl.tools.checkstyle.checks.FinalParametersCheck"/>
<error line="7" column="32" severity="warning" message="&apos;username&apos; hides a field." source="com.puppycrawl.tools.checkstyle.checks.coding.HiddenFieldCheck"/>
<error line="7" column="42" severity="warning" message="Parameter password should be final." source="com.puppycrawl.tools.checkstyle.checks.FinalParametersCheck"/>
<error line="7" column="49" severity="warning" message="&apos;password&apos; hides a field." source="com.puppycrawl.tools.checkstyle.checks.coding.HiddenFieldCheck"/>
<error line="12" column="5" severity="warning" message="Method &apos;getUsername&apos; is not designed for extension - needs to be abstract, final or empty." source="com.puppycrawl.tools.checkstyle.checks.design.DesignForExtensionCheck"/>
<error line="16" column="5" severity="warning" message="Method &apos;setUsername&apos; is not designed for extension - needs to be abstract, final or empty." source="com.puppycrawl.tools.checkstyle.checks.design.DesignForExtensionCheck"/>
<error line="16" column="29" severity="warning" message="Parameter username should be final." source="com.puppycrawl.tools.checkstyle.checks.FinalParametersCheck"/>
<error line="16" column="36" severity="warning" message="&apos;username&apos; hides a field." source="com.puppycrawl.tools.checkstyle.checks.coding.HiddenFieldCheck"/>
<error line="20" column="5" severity="warning" message="Method &apos;getPassword&apos; is not designed for extension - needs to be abstract, final or empty." source="com.puppycrawl.tools.checkstyle.checks.design.DesignForExtensionCheck"/>
<error line="24" column="5" severity="warning" message="Method &apos;setPassword&apos; is not designed for extension - needs to be abstract, final or empty." source="com.puppycrawl.tools.checkstyle.checks.design.DesignForExtensionCheck"/>
<error line="24" column="29" severity="warning" message="Parameter password should be final." source="com.puppycrawl.tools.checkstyle.checks.FinalParametersCheck"/>
<error line="24" column="36" severity="warning" message="&apos;password&apos; hides a field." source="com.puppycrawl.tools.checkstyle.checks.coding.HiddenFieldCheck"/>
</file>
<file name="D:\FACULTATE\ANIV\DS\assignment2\user_ms\src\main\java\ro\tuc\ds2020\contracts\requests\SignUpRequest.java">
<error line="12" column="26" severity="warning" message="Parameter firstName should be final." source="com.puppycrawl.tools.checkstyle.checks.FinalParametersCheck"/>
<error line="12" column="33" severity="warning" message="&apos;firstName&apos; hides a field." source="com.puppycrawl.tools.checkstyle.checks.coding.HiddenFieldCheck"/>
<error line="12" column="44" severity="warning" message="Parameter lastName should be final." source="com.puppycrawl.tools.checkstyle.checks.FinalParametersCheck"/>
<error line="12" column="51" severity="warning" message="&apos;lastName&apos; hides a field." source="com.puppycrawl.tools.checkstyle.checks.coding.HiddenFieldCheck"/>
<error line="12" column="61" severity="warning" message="Parameter userName should be final." source="com.puppycrawl.tools.checkstyle.checks.FinalParametersCheck"/>
<error line="12" column="78" severity="warning" message="Parameter email should be final." source="com.puppycrawl.tools.checkstyle.checks.FinalParametersCheck"/>
<error line="12" column="85" severity="warning" message="&apos;email&apos; hides a field." source="com.puppycrawl.tools.checkstyle.checks.coding.HiddenFieldCheck"/>
<error line="12" column="92" severity="warning" message="Parameter roleId should be final." source="com.puppycrawl.tools.checkstyle.checks.FinalParametersCheck"/>
<error line="12" column="96" severity="warning" message="&apos;roleId&apos; hides a field." source="com.puppycrawl.tools.checkstyle.checks.coding.HiddenFieldCheck"/>
<error line="12" column="104" severity="warning" message="Parameter password should be final." source="com.puppycrawl.tools.checkstyle.checks.FinalParametersCheck"/>
<error line="12" column="111" severity="warning" message="&apos;password&apos; hides a field." source="com.puppycrawl.tools.checkstyle.checks.coding.HiddenFieldCheck"/>
<error line="21" column="5" severity="warning" message="Method &apos;getFirstName&apos; is not designed for extension - needs to be abstract, final or empty." source="com.puppycrawl.tools.checkstyle.checks.design.DesignForExtensionCheck"/>
<error line="25" column="5" severity="warning" message="Method &apos;setFirstName&apos; is not designed for extension - needs to be abstract, final or empty." source="com.puppycrawl.tools.checkstyle.checks.design.DesignForExtensionCheck"/>
<error line="25" column="30" severity="warning" message="Parameter firstName should be final." source="com.puppycrawl.tools.checkstyle.checks.FinalParametersCheck"/>
<error line="25" column="37" severity="warning" message="&apos;firstName&apos; hides a field." source="com.puppycrawl.tools.checkstyle.checks.coding.HiddenFieldCheck"/>
<error line="29" column="5" severity="warning" message="Method &apos;getLastName&apos; is not designed for extension - needs to be abstract, final or empty." source="com.puppycrawl.tools.checkstyle.checks.design.DesignForExtensionCheck"/>
<error line="33" column="5" severity="warning" message="Method &apos;setLastName&apos; is not designed for extension - needs to be abstract, final or empty." source="com.puppycrawl.tools.checkstyle.checks.design.DesignForExtensionCheck"/>
<error line="33" column="29" severity="warning" message="Parameter lastName should be final." source="com.puppycrawl.tools.checkstyle.checks.FinalParametersCheck"/>
<error line="33" column="36" severity="warning" message="&apos;lastName&apos; hides a field." source="com.puppycrawl.tools.checkstyle.checks.coding.HiddenFieldCheck"/>
<error line="37" column="5" severity="warning" message="Method &apos;getUsername&apos; is not designed for extension - needs to be abstract, final or empty." source="com.puppycrawl.tools.checkstyle.checks.design.DesignForExtensionCheck"/>
<error line="41" column="5" severity="warning" message="Method &apos;setUsername&apos; is not designed for extension - needs to be abstract, final or empty." source="com.puppycrawl.tools.checkstyle.checks.design.DesignForExtensionCheck"/>
<error line="41" column="29" severity="warning" message="Parameter username should be final." source="com.puppycrawl.tools.checkstyle.checks.FinalParametersCheck"/>
<error line="41" column="36" severity="warning" message="&apos;username&apos; hides a field." source="com.puppycrawl.tools.checkstyle.checks.coding.HiddenFieldCheck"/>
<error line="45" column="5" severity="warning" message="Method &apos;getEmail&apos; is not designed for extension - needs to be abstract, final or empty." source="com.puppycrawl.tools.checkstyle.checks.design.DesignForExtensionCheck"/>
<error line="49" column="5" severity="warning" message="Method &apos;setEmail&apos; is not designed for extension - needs to be abstract, final or empty." source="com.puppycrawl.tools.checkstyle.checks.design.DesignForExtensionCheck"/>
<error line="49" column="26" severity="warning" message="Parameter email should be final." source="com.puppycrawl.tools.checkstyle.checks.FinalParametersCheck"/>
<error line="49" column="33" severity="warning" message="&apos;email&apos; hides a field." source="com.puppycrawl.tools.checkstyle.checks.coding.HiddenFieldCheck"/>
<error line="53" column="5" severity="warning" message="Method &apos;getRoleId&apos; is not designed for extension - needs to be abstract, final or empty." source="com.puppycrawl.tools.checkstyle.checks.design.DesignForExtensionCheck"/>
<error line="57" column="5" severity="warning" message="Method &apos;setRoleId&apos; is not designed for extension - needs to be abstract, final or empty." source="com.puppycrawl.tools.checkstyle.checks.design.DesignForExtensionCheck"/>
<error line="57" column="27" severity="warning" message="Parameter roleId should be final." source="com.puppycrawl.tools.checkstyle.checks.FinalParametersCheck"/>
<error line="57" column="31" severity="warning" message="&apos;roleId&apos; hides a field." source="com.puppycrawl.tools.checkstyle.checks.coding.HiddenFieldCheck"/>
<error line="61" column="5" severity="warning" message="Method &apos;getPassword&apos; is not designed for extension - needs to be abstract, final or empty." source="com.puppycrawl.tools.checkstyle.checks.design.DesignForExtensionCheck"/>
<error line="65" column="5" severity="warning" message="Method &apos;setPassword&apos; is not designed for extension - needs to be abstract, final or empty." source="com.puppycrawl.tools.checkstyle.checks.design.DesignForExtensionCheck"/>
<error line="65" column="29" severity="warning" message="Parameter password should be final." source="com.puppycrawl.tools.checkstyle.checks.FinalParametersCheck"/>
<error line="65" column="36" severity="warning" message="&apos;password&apos; hides a field." source="com.puppycrawl.tools.checkstyle.checks.coding.HiddenFieldCheck"/>
</file>
<file name="D:\FACULTATE\ANIV\DS\assignment2\user_ms\src\main\java\ro\tuc\ds2020\contracts\responses\LoginResponse.java">
<error line="15" column="26" severity="warning" message="Parameter id should be final." source="com.puppycrawl.tools.checkstyle.checks.FinalParametersCheck"/>
<error line="15" column="30" severity="warning" message="&apos;id&apos; hides a field." source="com.puppycrawl.tools.checkstyle.checks.coding.HiddenFieldCheck"/>
<error line="15" column="34" severity="warning" message="Parameter email should be final." source="com.puppycrawl.tools.checkstyle.checks.FinalParametersCheck"/>
<error line="15" column="41" severity="warning" message="&apos;email&apos; hides a field." source="com.puppycrawl.tools.checkstyle.checks.coding.HiddenFieldCheck"/>
<error line="15" column="48" severity="warning" message="Parameter username should be final." source="com.puppycrawl.tools.checkstyle.checks.FinalParametersCheck"/>
<error line="15" column="55" severity="warning" message="&apos;username&apos; hides a field." source="com.puppycrawl.tools.checkstyle.checks.coding.HiddenFieldCheck"/>
<error line="15" column="65" severity="warning" message="Parameter firstName should be final." source="com.puppycrawl.tools.checkstyle.checks.FinalParametersCheck"/>
<error line="15" column="72" severity="warning" message="&apos;firstName&apos; hides a field." source="com.puppycrawl.tools.checkstyle.checks.coding.HiddenFieldCheck"/>
<error line="15" column="83" severity="warning" message="Parameter lastName should be final." source="com.puppycrawl.tools.checkstyle.checks.FinalParametersCheck"/>
<error line="15" column="90" severity="warning" message="&apos;lastName&apos; hides a field." source="com.puppycrawl.tools.checkstyle.checks.coding.HiddenFieldCheck"/>
<error line="15" column="100" severity="warning" message="Parameter token should be final." source="com.puppycrawl.tools.checkstyle.checks.FinalParametersCheck"/>
<error line="15" column="107" severity="warning" message="&apos;token&apos; hides a field." source="com.puppycrawl.tools.checkstyle.checks.coding.HiddenFieldCheck"/>
<error line="15" column="114" severity="warning" message="Parameter role should be final." source="com.puppycrawl.tools.checkstyle.checks.FinalParametersCheck"/>
<error line="15" column="119" severity="warning" message="&apos;role&apos; hides a field." source="com.puppycrawl.tools.checkstyle.checks.coding.HiddenFieldCheck"/>
<error line="25" column="5" severity="warning" message="Method &apos;getId&apos; is not designed for extension - needs to be abstract, final or empty." source="com.puppycrawl.tools.checkstyle.checks.design.DesignForExtensionCheck"/>
<error line="29" column="5" severity="warning" message="Method &apos;setId&apos; is not designed for extension - needs to be abstract, final or empty." source="com.puppycrawl.tools.checkstyle.checks.design.DesignForExtensionCheck"/>
<error line="29" column="23" severity="warning" message="Parameter id should be final." source="com.puppycrawl.tools.checkstyle.checks.FinalParametersCheck"/>
<error line="29" column="27" severity="warning" message="&apos;id&apos; hides a field." source="com.puppycrawl.tools.checkstyle.checks.coding.HiddenFieldCheck"/>
<error line="33" column="5" severity="warning" message="Method &apos;getEmail&apos; is not designed for extension - needs to be abstract, final or empty." source="com.puppycrawl.tools.checkstyle.checks.design.DesignForExtensionCheck"/>
<error line="37" column="5" severity="warning" message="Method &apos;setEmail&apos; is not designed for extension - needs to be abstract, final or empty." source="com.puppycrawl.tools.checkstyle.checks.design.DesignForExtensionCheck"/>
<error line="37" column="26" severity="warning" message="Parameter email should be final." source="com.puppycrawl.tools.checkstyle.checks.FinalParametersCheck"/>
<error line="37" column="33" severity="warning" message="&apos;email&apos; hides a field." source="com.puppycrawl.tools.checkstyle.checks.coding.HiddenFieldCheck"/>
<error line="41" column="5" severity="warning" message="Method &apos;getUsername&apos; is not designed for extension - needs to be abstract, final or empty." source="com.puppycrawl.tools.checkstyle.checks.design.DesignForExtensionCheck"/>
<error line="45" column="5" severity="warning" message="Method &apos;setUsername&apos; is not designed for extension - needs to be abstract, final or empty." source="com.puppycrawl.tools.checkstyle.checks.design.DesignForExtensionCheck"/>
<error line="45" column="29" severity="warning" message="Parameter username should be final." source="com.puppycrawl.tools.checkstyle.checks.FinalParametersCheck"/>
<error line="45" column="36" severity="warning" message="&apos;username&apos; hides a field." source="com.puppycrawl.tools.checkstyle.checks.coding.HiddenFieldCheck"/>
<error line="49" column="5" severity="warning" message="Method &apos;getFirstName&apos; is not designed for extension - needs to be abstract, final or empty." source="com.puppycrawl.tools.checkstyle.checks.design.DesignForExtensionCheck"/>
<error line="53" column="5" severity="warning" message="Method &apos;setFirstName&apos; is not designed for extension - needs to be abstract, final or empty." source="com.puppycrawl.tools.checkstyle.checks.design.DesignForExtensionCheck"/>
<error line="53" column="30" severity="warning" message="Parameter firstName should be final." source="com.puppycrawl.tools.checkstyle.checks.FinalParametersCheck"/>
<error line="53" column="37" severity="warning" message="&apos;firstName&apos; hides a field." source="com.puppycrawl.tools.checkstyle.checks.coding.HiddenFieldCheck"/>
<error line="57" column="5" severity="warning" message="Method &apos;getLastName&apos; is not designed for extension - needs to be abstract, final or empty." source="com.puppycrawl.tools.checkstyle.checks.design.DesignForExtensionCheck"/>
<error line="61" column="5" severity="warning" message="Method &apos;setLastName&apos; is not designed for extension - needs to be abstract, final or empty." source="com.puppycrawl.tools.checkstyle.checks.design.DesignForExtensionCheck"/>
<error line="61" column="29" severity="warning" message="Parameter lastName should be final." source="com.puppycrawl.tools.checkstyle.checks.FinalParametersCheck"/>
<error line="61" column="36" severity="warning" message="&apos;lastName&apos; hides a field." source="com.puppycrawl.tools.checkstyle.checks.coding.HiddenFieldCheck"/>
<error line="65" column="5" severity="warning" message="Method &apos;getToken&apos; is not designed for extension - needs to be abstract, final or empty." source="com.puppycrawl.tools.checkstyle.checks.design.DesignForExtensionCheck"/>
<error line="69" column="5" severity="warning" message="Method &apos;setToken&apos; is not designed for extension - needs to be abstract, final or empty." source="com.puppycrawl.tools.checkstyle.checks.design.DesignForExtensionCheck"/>
<error line="69" column="26" severity="warning" message="Parameter token should be final." source="com.puppycrawl.tools.checkstyle.checks.FinalParametersCheck"/>
<error line="69" column="33" severity="warning" message="&apos;token&apos; hides a field." source="com.puppycrawl.tools.checkstyle.checks.coding.HiddenFieldCheck"/>
<error line="73" column="5" severity="warning" message="Method &apos;getRole&apos; is not designed for extension - needs to be abstract, final or empty." source="com.puppycrawl.tools.checkstyle.checks.design.DesignForExtensionCheck"/>
<error line="77" column="5" severity="warning" message="Method &apos;setRole&apos; is not designed for extension - needs to be abstract, final or empty." source="com.puppycrawl.tools.checkstyle.checks.design.DesignForExtensionCheck"/>
<error line="77" column="25" severity="warning" message="Parameter role should be final." source="com.puppycrawl.tools.checkstyle.checks.FinalParametersCheck"/>
<error line="77" column="30" severity="warning" message="&apos;role&apos; hides a field." source="com.puppycrawl.tools.checkstyle.checks.coding.HiddenFieldCheck"/>
</file>
<file name="D:\FACULTATE\ANIV\DS\assignment2\user_ms\src\main\java\ro\tuc\ds2020\controllers\handlers\exceptions\model\CustomException.java">
<error line="12" column="28" severity="warning" message="Parameter message should be final." source="com.puppycrawl.tools.checkstyle.checks.FinalParametersCheck"/>
<error line="12" column="44" severity="warning" message="Parameter status should be final." source="com.puppycrawl.tools.checkstyle.checks.FinalParametersCheck"/>
<error line="12" column="55" severity="warning" message="&apos;status&apos; hides a field." source="com.puppycrawl.tools.checkstyle.checks.coding.HiddenFieldCheck"/>
<error line="12" column="64" severity="warning" message="Parameter resource should be final." source="com.puppycrawl.tools.checkstyle.checks.FinalParametersCheck"/>
<error line="12" column="71" severity="warning" message="&apos;resource&apos; hides a field." source="com.puppycrawl.tools.checkstyle.checks.coding.HiddenFieldCheck"/>
<error line="12" column="81" severity="warning" message="Parameter errors should be final." source="com.puppycrawl.tools.checkstyle.checks.FinalParametersCheck"/>
<error line="19" column="5" severity="warning" message="Method &apos;getResource&apos; is not designed for extension - needs to be abstract, final or empty." source="com.puppycrawl.tools.checkstyle.checks.design.DesignForExtensionCheck"/>
<error line="23" column="5" severity="warning" message="Method &apos;getStatus&apos; is not designed for extension - needs to be abstract, final or empty." source="com.puppycrawl.tools.checkstyle.checks.design.DesignForExtensionCheck"/>
<error line="27" column="5" severity="warning" message="Method &apos;getValidationErrors&apos; is not designed for extension - needs to be abstract, final or empty." source="com.puppycrawl.tools.checkstyle.checks.design.DesignForExtensionCheck"/>
</file>
<file name="D:\FACULTATE\ANIV\DS\assignment2\user_ms\src\main\java\ro\tuc\ds2020\controllers\handlers\exceptions\model\DuplicateResourceException.java">
<error line="9" column="37" severity="warning" message="Name &apos;httpStatus&apos; must match pattern &apos;^[A-Z][A-Z0-9]*(_[A-Z0-9]+)*$&apos;." source="com.puppycrawl.tools.checkstyle.checks.naming.ConstantNameCheck"/>
<error line="11" column="39" severity="warning" message="Parameter resource should be final." source="com.puppycrawl.tools.checkstyle.checks.FinalParametersCheck"/>
</file>
<file name="D:\FACULTATE\ANIV\DS\assignment2\user_ms\src\main\java\ro\tuc\ds2020\controllers\handlers\exceptions\model\EntityValidationException.java">
<error line="9" column="37" severity="warning" message="Name &apos;httpStatus&apos; must match pattern &apos;^[A-Z][A-Z0-9]*(_[A-Z0-9]+)*$&apos;." source="com.puppycrawl.tools.checkstyle.checks.naming.ConstantNameCheck"/>
<error line="11" column="38" severity="warning" message="Parameter resource should be final." source="com.puppycrawl.tools.checkstyle.checks.FinalParametersCheck"/>
<error line="11" column="55" severity="warning" message="Parameter errors should be final." source="com.puppycrawl.tools.checkstyle.checks.FinalParametersCheck"/>
</file>
<file name="D:\FACULTATE\ANIV\DS\assignment2\user_ms\src\main\java\ro\tuc\ds2020\controllers\handlers\exceptions\model\ExceptionHandlerResponseDTO.java">
<error line="16" column="40" severity="warning" message="Parameter resource should be final." source="com.puppycrawl.tools.checkstyle.checks.FinalParametersCheck"/>
<error line="16" column="47" severity="warning" message="&apos;resource&apos; hides a field." source="com.puppycrawl.tools.checkstyle.checks.coding.HiddenFieldCheck"/>
<error line="16" column="57" severity="warning" message="Parameter error should be final." source="com.puppycrawl.tools.checkstyle.checks.FinalParametersCheck"/>
<error line="16" column="64" severity="warning" message="&apos;error&apos; hides a field." source="com.puppycrawl.tools.checkstyle.checks.coding.HiddenFieldCheck"/>
<error line="16" column="71" severity="warning" message="Parameter status should be final." source="com.puppycrawl.tools.checkstyle.checks.FinalParametersCheck"/>
<error line="16" column="75" severity="warning" message="&apos;status&apos; hides a field." source="com.puppycrawl.tools.checkstyle.checks.coding.HiddenFieldCheck"/>
<error line="16" column="83" severity="warning" message="Parameter message should be final." source="com.puppycrawl.tools.checkstyle.checks.FinalParametersCheck"/>
<error line="16" column="90" severity="warning" message="&apos;message&apos; hides a field." source="com.puppycrawl.tools.checkstyle.checks.coding.HiddenFieldCheck"/>
<error line="16" column="99" severity="warning" message="Parameter details should be final." source="com.puppycrawl.tools.checkstyle.checks.FinalParametersCheck"/>
<error line="16" column="113" severity="warning" message="&apos;details&apos; hides a field." source="com.puppycrawl.tools.checkstyle.checks.coding.HiddenFieldCheck"/>
<error line="16" column="122" severity="warning" message="Parameter path should be final." source="com.puppycrawl.tools.checkstyle.checks.FinalParametersCheck"/>
<error line="16" column="129" severity="warning" message="&apos;path&apos; hides a field." source="com.puppycrawl.tools.checkstyle.checks.coding.HiddenFieldCheck"/>
<error line="26" column="5" severity="warning" message="Method &apos;getTimestamp&apos; is not designed for extension - needs to be abstract, final or empty." source="com.puppycrawl.tools.checkstyle.checks.design.DesignForExtensionCheck"/>
<error line="30" column="5" severity="warning" message="Method &apos;setTimestamp&apos; is not designed for extension - needs to be abstract, final or empty." source="com.puppycrawl.tools.checkstyle.checks.design.DesignForExtensionCheck"/>
<error line="30" column="30" severity="warning" message="Parameter timestamp should be final." source="com.puppycrawl.tools.checkstyle.checks.FinalParametersCheck"/>
<error line="30" column="35" severity="warning" message="&apos;timestamp&apos; hides a field." source="com.puppycrawl.tools.checkstyle.checks.coding.HiddenFieldCheck"/>
<error line="34" column="5" severity="warning" message="Method &apos;getStatus&apos; is not designed for extension - needs to be abstract, final or empty." source="com.puppycrawl.tools.checkstyle.checks.design.DesignForExtensionCheck"/>
<error line="38" column="5" severity="warning" message="Method &apos;setStatus&apos; is not designed for extension - needs to be abstract, final or empty." source="com.puppycrawl.tools.checkstyle.checks.design.DesignForExtensionCheck"/>
<error line="38" column="27" severity="warning" message="Parameter status should be final." source="com.puppycrawl.tools.checkstyle.checks.FinalParametersCheck"/>
<error line="38" column="31" severity="warning" message="&apos;status&apos; hides a field." source="com.puppycrawl.tools.checkstyle.checks.coding.HiddenFieldCheck"/>
<error line="42" column="5" severity="warning" message="Method &apos;getResource&apos; is not designed for extension - needs to be abstract, final or empty." source="com.puppycrawl.tools.checkstyle.checks.design.DesignForExtensionCheck"/>
<error line="46" column="5" severity="warning" message="Method &apos;setResource&apos; is not designed for extension - needs to be abstract, final or empty." source="com.puppycrawl.tools.checkstyle.checks.design.DesignForExtensionCheck"/>
<error line="46" column="29" severity="warning" message="Parameter error should be final." source="com.puppycrawl.tools.checkstyle.checks.FinalParametersCheck"/>
<error line="46" column="36" severity="warning" message="&apos;error&apos; hides a field." source="com.puppycrawl.tools.checkstyle.checks.coding.HiddenFieldCheck"/>
<error line="50" column="5" severity="warning" message="Method &apos;getMessage&apos; is not designed for extension - needs to be abstract, final or empty." source="com.puppycrawl.tools.checkstyle.checks.design.DesignForExtensionCheck"/>
<error line="54" column="5" severity="warning" message="Method &apos;setMessage&apos; is not designed for extension - needs to be abstract, final or empty." source="com.puppycrawl.tools.checkstyle.checks.design.DesignForExtensionCheck"/>
<error line="54" column="28" severity="warning" message="Parameter message should be final." source="com.puppycrawl.tools.checkstyle.checks.FinalParametersCheck"/>
<error line="54" column="35" severity="warning" message="&apos;message&apos; hides a field." source="com.puppycrawl.tools.checkstyle.checks.coding.HiddenFieldCheck"/>
<error line="58" column="5" severity="warning" message="Method &apos;getPath&apos; is not designed for extension - needs to be abstract, final or empty." source="com.puppycrawl.tools.checkstyle.checks.design.DesignForExtensionCheck"/>
<error line="62" column="5" severity="warning" message="Method &apos;setPath&apos; is not designed for extension - needs to be abstract, final or empty." source="com.puppycrawl.tools.checkstyle.checks.design.DesignForExtensionCheck"/>
<error line="62" column="25" severity="warning" message="Parameter path should be final." source="com.puppycrawl.tools.checkstyle.checks.FinalParametersCheck"/>
<error line="62" column="32" severity="warning" message="&apos;path&apos; hides a field." source="com.puppycrawl.tools.checkstyle.checks.coding.HiddenFieldCheck"/>
<error line="66" column="5" severity="warning" message="Method &apos;getDetails&apos; is not designed for extension - needs to be abstract, final or empty." source="com.puppycrawl.tools.checkstyle.checks.design.DesignForExtensionCheck"/>
<error line="70" column="5" severity="warning" message="Method &apos;setDetails&apos; is not designed for extension - needs to be abstract, final or empty." source="com.puppycrawl.tools.checkstyle.checks.design.DesignForExtensionCheck"/>
<error line="70" column="28" severity="warning" message="Parameter details should be final." source="com.puppycrawl.tools.checkstyle.checks.FinalParametersCheck"/>
<error line="70" column="42" severity="warning" message="&apos;details&apos; hides a field." source="com.puppycrawl.tools.checkstyle.checks.coding.HiddenFieldCheck"/>
<error line="74" column="5" severity="warning" message="Method &apos;getError&apos; is not designed for extension - needs to be abstract, final or empty." source="com.puppycrawl.tools.checkstyle.checks.design.DesignForExtensionCheck"/>
<error line="78" column="5" severity="warning" message="Method &apos;setError&apos; is not designed for extension - needs to be abstract, final or empty." source="com.puppycrawl.tools.checkstyle.checks.design.DesignForExtensionCheck"/>
<error line="78" column="26" severity="warning" message="Parameter error should be final." source="com.puppycrawl.tools.checkstyle.checks.FinalParametersCheck"/>
<error line="78" column="33" severity="warning" message="&apos;error&apos; hides a field." source="com.puppycrawl.tools.checkstyle.checks.coding.HiddenFieldCheck"/>
</file>
<file name="D:\FACULTATE\ANIV\DS\assignment2\user_ms\src\main\java\ro\tuc\ds2020\controllers\handlers\exceptions\model\ParameterValidationException.java">
<error line="9" column="37" severity="warning" message="Name &apos;httpStatus&apos; must match pattern &apos;^[A-Z][A-Z0-9]*(_[A-Z0-9]+)*$&apos;." source="com.puppycrawl.tools.checkstyle.checks.naming.ConstantNameCheck"/>
<error line="11" column="41" severity="warning" message="Parameter resource should be final." source="com.puppycrawl.tools.checkstyle.checks.FinalParametersCheck"/>
<error line="11" column="58" severity="warning" message="Parameter errors should be final." source="com.puppycrawl.tools.checkstyle.checks.FinalParametersCheck"/>
</file>
<file name="D:\FACULTATE\ANIV\DS\assignment2\user_ms\src\main\java\ro\tuc\ds2020\controllers\handlers\exceptions\model\ResourceNotFoundException.java">
<error line="9" column="37" severity="warning" message="Name &apos;httpStatus&apos; must match pattern &apos;^[A-Z][A-Z0-9]*(_[A-Z0-9]+)*$&apos;." source="com.puppycrawl.tools.checkstyle.checks.naming.ConstantNameCheck"/>
<error line="11" column="38" severity="warning" message="Parameter resource should be final." source="com.puppycrawl.tools.checkstyle.checks.FinalParametersCheck"/>
</file>
<file name="D:\FACULTATE\ANIV\DS\assignment2\user_ms\src\main\java\ro\tuc\ds2020\controllers\handlers\RestExceptionHandler.java">
<error line="7" column="8" severity="warning" message="Unused import - org.springframework.validation.FieldError." source="com.puppycrawl.tools.checkstyle.checks.imports.UnusedImportsCheck"/>
<error line="8" column="8" severity="warning" message="Unused import - org.springframework.validation.ObjectError." source="com.puppycrawl.tools.checkstyle.checks.imports.UnusedImportsCheck"/>
<error line="9" column="8" severity="warning" message="Unused import - org.springframework.web.bind.MethodArgumentNotValidException." source="com.puppycrawl.tools.checkstyle.checks.imports.UnusedImportsCheck"/>
<error line="23" column="5" severity="warning" message="Method &apos;handleConstraintViolationException&apos; is not designed for extension - needs to be abstract, final or empty." source="com.puppycrawl.tools.checkstyle.checks.design.DesignForExtensionCheck"/>
<error line="24" column="70" severity="warning" message="Parameter e should be final." source="com.puppycrawl.tools.checkstyle.checks.FinalParametersCheck"/>
<error line="24" column="102" severity="warning" message="Parameter request should be final." source="com.puppycrawl.tools.checkstyle.checks.FinalParametersCheck"/>
<error line="42" column="5" severity="warning" message="Method &apos;handleCustomExceptions&apos; is not designed for extension - needs to be abstract, final or empty." source="com.puppycrawl.tools.checkstyle.checks.design.DesignForExtensionCheck"/>
<error line="43" column="61" severity="warning" message="Parameter ex should be final." source="com.puppycrawl.tools.checkstyle.checks.FinalParametersCheck"/>
<error line="44" column="61" severity="warning" message="Parameter request should be final." source="com.puppycrawl.tools.checkstyle.checks.FinalParametersCheck"/>
</file>
<file name="D:\FACULTATE\ANIV\DS\assignment2\user_ms\src\main\java\ro\tuc\ds2020\controllers\IndexController.java">
<error line="12" column="5" severity="warning" message="Method &apos;getStatus&apos; is not designed for extension - needs to be abstract, final or empty." source="com.puppycrawl.tools.checkstyle.checks.design.DesignForExtensionCheck"/>
</file>
<file name="D:\FACULTATE\ANIV\DS\assignment2\user_ms\src\main\java\ro\tuc\ds2020\controllers\PersonController.java">
<error line="27" column="29" severity="warning" message="Parameter personService should be final." source="com.puppycrawl.tools.checkstyle.checks.FinalParametersCheck"/>
<error line="27" column="43" severity="warning" message="&apos;personService&apos; hides a field." source="com.puppycrawl.tools.checkstyle.checks.coding.HiddenFieldCheck"/>
<error line="31" column="5" severity="warning" message="Method &apos;getPersons&apos; is not designed for extension - needs to be abstract, final or empty." source="com.puppycrawl.tools.checkstyle.checks.design.DesignForExtensionCheck"/>
<error line="37" column="5" severity="warning" message="Method &apos;insertPerson&apos; is not designed for extension - needs to be abstract, final or empty." source="com.puppycrawl.tools.checkstyle.checks.design.DesignForExtensionCheck"/>
<error line="38" column="55" severity="warning" message="Parameter personDetailsDTO should be final." source="com.puppycrawl.tools.checkstyle.checks.FinalParametersCheck"/>
<error line="68" column="5" severity="warning" message="Method &apos;getPerson&apos; is not designed for extension - needs to be abstract, final or empty." source="com.puppycrawl.tools.checkstyle.checks.design.DesignForExtensionCheck"/>
<error line="69" column="55" severity="warning" message="Parameter personId should be final." source="com.puppycrawl.tools.checkstyle.checks.FinalParametersCheck"/>
<error line="74" column="5" severity="warning" message="Method &apos;updatePerson&apos; is not designed for extension - needs to be abstract, final or empty." source="com.puppycrawl.tools.checkstyle.checks.design.DesignForExtensionCheck"/>
<error line="75" column="49" severity="warning" message="Parameter id should be final." source="com.puppycrawl.tools.checkstyle.checks.FinalParametersCheck"/>
<error line="75" column="71" severity="warning" message="Parameter updatedPersonDTO should be final." source="com.puppycrawl.tools.checkstyle.checks.FinalParametersCheck"/>
<error line="88" column="5" severity="warning" message="Method &apos;deletePerson&apos; is not designed for extension - needs to be abstract, final or empty." source="com.puppycrawl.tools.checkstyle.checks.design.DesignForExtensionCheck"/>
<error line="89" column="49" severity="warning" message="Parameter id should be final." source="com.puppycrawl.tools.checkstyle.checks.FinalParametersCheck"/>
<error line="122" column="5" severity="warning" message="Method &apos;login&apos; is not designed for extension - needs to be abstract, final or empty." source="com.puppycrawl.tools.checkstyle.checks.design.DesignForExtensionCheck"/>
<error line="123" column="48" severity="warning" message="Parameter loginRequest should be final." source="com.puppycrawl.tools.checkstyle.checks.FinalParametersCheck"/>
</file>
<file name="D:\FACULTATE\ANIV\DS\assignment2\user_ms\src\main\java\ro\tuc\ds2020\controllers\RoleController.java">
<error line="20" column="27" severity="warning" message="Parameter roleService should be final." source="com.puppycrawl.tools.checkstyle.checks.FinalParametersCheck"/>
<error line="20" column="39" severity="warning" message="&apos;roleService&apos; hides a field." source="com.puppycrawl.tools.checkstyle.checks.coding.HiddenFieldCheck"/>
<error line="24" column="5" severity="warning" message="Method &apos;insertRole&apos; is not designed for extension - needs to be abstract, final or empty." source="com.puppycrawl.tools.checkstyle.checks.design.DesignForExtensionCheck"/>
<error line="25" column="47" severity="warning" message="Parameter roleDTO should be final." source="com.puppycrawl.tools.checkstyle.checks.FinalParametersCheck"/>
<error line="30" column="5" severity="warning" message="Method &apos;getRoles&apos; is not designed for extension - needs to be abstract, final or empty." source="com.puppycrawl.tools.checkstyle.checks.design.DesignForExtensionCheck"/>
<error line="36" column="5" severity="warning" message="Method &apos;deleteRole&apos; is not designed for extension - needs to be abstract, final or empty." source="com.puppycrawl.tools.checkstyle.checks.design.DesignForExtensionCheck"/>
<error line="37" column="47" severity="warning" message="Parameter id should be final." source="com.puppycrawl.tools.checkstyle.checks.FinalParametersCheck"/>
</file>
<file name="D:\FACULTATE\ANIV\DS\assignment2\user_ms\src\main\java\ro\tuc\ds2020\Ds2020Application.java">
<error line="14" column="5" severity="warning" message="Method &apos;configure&apos; is not designed for extension - needs to be abstract, final or empty." source="com.puppycrawl.tools.checkstyle.checks.design.DesignForExtensionCheck"/>
<error line="15" column="50" severity="warning" message="Parameter application should be final." source="com.puppycrawl.tools.checkstyle.checks.FinalParametersCheck"/>
<error line="19" column="29" severity="warning" message="Parameter args should be final." source="com.puppycrawl.tools.checkstyle.checks.FinalParametersCheck"/>
</file>
<file name="D:\FACULTATE\ANIV\DS\assignment2\user_ms\src\main\java\ro\tuc\ds2020\dtos\builders\PersonBuilder.java">
<error line="8" severity="warning" message="Class PersonBuilder should be declared as final." source="com.puppycrawl.tools.checkstyle.checks.design.FinalClassCheck"/>
<error line="13" column="41" severity="warning" message="Parameter person should be final." source="com.puppycrawl.tools.checkstyle.checks.FinalParametersCheck"/>
<error line="17" column="55" severity="warning" message="Parameter person should be final." source="com.puppycrawl.tools.checkstyle.checks.FinalParametersCheck"/>
<error line="21" column="35" severity="warning" message="Parameter personDetailsDTO should be final." source="com.puppycrawl.tools.checkstyle.checks.FinalParametersCheck"/>
<error line="25" column="49" severity="warning" message="Parameter person should be final." source="com.puppycrawl.tools.checkstyle.checks.FinalParametersCheck"/>
<error line="25" column="64" severity="warning" message="Parameter token should be final." source="com.puppycrawl.tools.checkstyle.checks.FinalParametersCheck"/>
</file>
<file name="D:\FACULTATE\ANIV\DS\assignment2\user_ms\src\main\java\ro\tuc\ds2020\dtos\builders\RoleBuilder.java">
<error line="3" column="8" severity="warning" message="Unused import - ro.tuc.ds2020.dtos.PersonDTO." source="com.puppycrawl.tools.checkstyle.checks.imports.UnusedImportsCheck"/>
<error line="5" column="8" severity="warning" message="Unused import - ro.tuc.ds2020.entities.Person." source="com.puppycrawl.tools.checkstyle.checks.imports.UnusedImportsCheck"/>
<error line="8" column="1" severity="warning" message="Utility classes should not have a public or default constructor." source="com.puppycrawl.tools.checkstyle.checks.design.HideUtilityClassConstructorCheck"/>
<error line="9" column="33" severity="warning" message="Parameter roleDTO should be final." source="com.puppycrawl.tools.checkstyle.checks.FinalParametersCheck"/>
<error line="13" column="37" severity="warning" message="Parameter role should be final." source="com.puppycrawl.tools.checkstyle.checks.FinalParametersCheck"/>
</file>
<file name="D:\FACULTATE\ANIV\DS\assignment2\user_ms\src\main\java\ro\tuc\ds2020\dtos\PersonDetailsDTO.java">
<error line="24" column="29" severity="warning" message="Parameter id should be final." source="com.puppycrawl.tools.checkstyle.checks.FinalParametersCheck"/>
<error line="24" column="33" severity="warning" message="&apos;id&apos; hides a field." source="com.puppycrawl.tools.checkstyle.checks.coding.HiddenFieldCheck"/>
<error line="24" column="37" severity="warning" message="Parameter firstName should be final." source="com.puppycrawl.tools.checkstyle.checks.FinalParametersCheck"/>
<error line="24" column="44" severity="warning" message="&apos;firstName&apos; hides a field." source="com.puppycrawl.tools.checkstyle.checks.coding.HiddenFieldCheck"/>
<error line="24" column="55" severity="warning" message="Parameter lastName should be final." source="com.puppycrawl.tools.checkstyle.checks.FinalParametersCheck"/>
<error line="24" column="62" severity="warning" message="&apos;lastName&apos; hides a field." source="com.puppycrawl.tools.checkstyle.checks.coding.HiddenFieldCheck"/>
<error line="24" column="72" severity="warning" message="Parameter userName should be final." source="com.puppycrawl.tools.checkstyle.checks.FinalParametersCheck"/>
<error line="24" column="89" severity="warning" message="Parameter email should be final." source="com.puppycrawl.tools.checkstyle.checks.FinalParametersCheck"/>
<error line="24" column="96" severity="warning" message="&apos;email&apos; hides a field." source="com.puppycrawl.tools.checkstyle.checks.coding.HiddenFieldCheck"/>
<error line="24" column="103" severity="warning" message="Parameter role should be final." source="com.puppycrawl.tools.checkstyle.checks.FinalParametersCheck"/>
<error line="24" column="108" severity="warning" message="&apos;role&apos; hides a field." source="com.puppycrawl.tools.checkstyle.checks.coding.HiddenFieldCheck"/>
<error line="24" column="114" severity="warning" message="Parameter passwordHash should be final." source="com.puppycrawl.tools.checkstyle.checks.FinalParametersCheck"/>
<error line="34" column="29" severity="warning" message="Parameter firstName should be final." source="com.puppycrawl.tools.checkstyle.checks.FinalParametersCheck"/>
<error line="34" column="36" severity="warning" message="&apos;firstName&apos; hides a field." source="com.puppycrawl.tools.checkstyle.checks.coding.HiddenFieldCheck"/>
<error line="34" column="47" severity="warning" message="Parameter lastName should be final." source="com.puppycrawl.tools.checkstyle.checks.FinalParametersCheck"/>
<error line="34" column="54" severity="warning" message="&apos;lastName&apos; hides a field." source="com.puppycrawl.tools.checkstyle.checks.coding.HiddenFieldCheck"/>
<error line="34" column="64" severity="warning" message="Parameter userName should be final." source="com.puppycrawl.tools.checkstyle.checks.FinalParametersCheck"/>
<error line="34" column="81" severity="warning" message="Parameter email should be final." source="com.puppycrawl.tools.checkstyle.checks.FinalParametersCheck"/>
<error line="34" column="88" severity="warning" message="&apos;email&apos; hides a field." source="com.puppycrawl.tools.checkstyle.checks.coding.HiddenFieldCheck"/>
<error line="34" column="95" severity="warning" message="Parameter role should be final." source="com.puppycrawl.tools.checkstyle.checks.FinalParametersCheck"/>
<error line="34" column="100" severity="warning" message="&apos;role&apos; hides a field." source="com.puppycrawl.tools.checkstyle.checks.coding.HiddenFieldCheck"/>
<error line="34" column="106" severity="warning" message="Parameter passwordHash should be final." source="com.puppycrawl.tools.checkstyle.checks.FinalParametersCheck"/>
<error line="43" column="5" severity="warning" message="Method &apos;getId&apos; is not designed for extension - needs to be abstract, final or empty." source="com.puppycrawl.tools.checkstyle.checks.design.DesignForExtensionCheck"/>
<error line="47" column="5" severity="warning" message="Method &apos;setId&apos; is not designed for extension - needs to be abstract, final or empty." source="com.puppycrawl.tools.checkstyle.checks.design.DesignForExtensionCheck"/>
<error line="47" column="23" severity="warning" message="Parameter id should be final." source="com.puppycrawl.tools.checkstyle.checks.FinalParametersCheck"/>
<error line="47" column="27" severity="warning" message="&apos;id&apos; hides a field." source="com.puppycrawl.tools.checkstyle.checks.coding.HiddenFieldCheck"/>
<error line="51" column="5" severity="warning" message="Method &apos;getFirstName&apos; is not designed for extension - needs to be abstract, final or empty." source="com.puppycrawl.tools.checkstyle.checks.design.DesignForExtensionCheck"/>
<error line="55" column="5" severity="warning" message="Method &apos;setFirstName&apos; is not designed for extension - needs to be abstract, final or empty." source="com.puppycrawl.tools.checkstyle.checks.design.DesignForExtensionCheck"/>
<error line="55" column="30" severity="warning" message="Parameter firstName should be final." source="com.puppycrawl.tools.checkstyle.checks.FinalParametersCheck"/>
<error line="55" column="37" severity="warning" message="&apos;firstName&apos; hides a field." source="com.puppycrawl.tools.checkstyle.checks.coding.HiddenFieldCheck"/>
<error line="59" column="5" severity="warning" message="Method &apos;getLastName&apos; is not designed for extension - needs to be abstract, final or empty." source="com.puppycrawl.tools.checkstyle.checks.design.DesignForExtensionCheck"/>
<error line="63" column="5" severity="warning" message="Method &apos;setLastName&apos; is not designed for extension - needs to be abstract, final or empty." source="com.puppycrawl.tools.checkstyle.checks.design.DesignForExtensionCheck"/>
<error line="63" column="29" severity="warning" message="Parameter lastName should be final." source="com.puppycrawl.tools.checkstyle.checks.FinalParametersCheck"/>
<error line="63" column="36" severity="warning" message="&apos;lastName&apos; hides a field." source="com.puppycrawl.tools.checkstyle.checks.coding.HiddenFieldCheck"/>
<error line="67" column="5" severity="warning" message="Method &apos;getUsername&apos; is not designed for extension - needs to be abstract, final or empty." source="com.puppycrawl.tools.checkstyle.checks.design.DesignForExtensionCheck"/>
<error line="71" column="5" severity="warning" message="Method &apos;setUsername&apos; is not designed for extension - needs to be abstract, final or empty." source="com.puppycrawl.tools.checkstyle.checks.design.DesignForExtensionCheck"/>
<error line="71" column="29" severity="warning" message="Parameter username should be final." source="com.puppycrawl.tools.checkstyle.checks.FinalParametersCheck"/>
<error line="71" column="36" severity="warning" message="&apos;username&apos; hides a field." source="com.puppycrawl.tools.checkstyle.checks.coding.HiddenFieldCheck"/>
<error line="75" column="5" severity="warning" message="Method &apos;getEmail&apos; is not designed for extension - needs to be abstract, final or empty." source="com.puppycrawl.tools.checkstyle.checks.design.DesignForExtensionCheck"/>
<error line="79" column="5" severity="warning" message="Method &apos;setEmail&apos; is not designed for extension - needs to be abstract, final or empty." source="com.puppycrawl.tools.checkstyle.checks.design.DesignForExtensionCheck"/>
<error line="79" column="26" severity="warning" message="Parameter email should be final." source="com.puppycrawl.tools.checkstyle.checks.FinalParametersCheck"/>
<error line="79" column="33" severity="warning" message="&apos;email&apos; hides a field." source="com.puppycrawl.tools.checkstyle.checks.coding.HiddenFieldCheck"/>
<error line="83" column="5" severity="warning" message="Method &apos;getRole&apos; is not designed for extension - needs to be abstract, final or empty." source="com.puppycrawl.tools.checkstyle.checks.design.DesignForExtensionCheck"/>
<error line="87" column="5" severity="warning" message="Method &apos;setRole&apos; is not designed for extension - needs to be abstract, final or empty." source="com.puppycrawl.tools.checkstyle.checks.design.DesignForExtensionCheck"/>
<error line="87" column="25" severity="warning" message="Parameter role should be final." source="com.puppycrawl.tools.checkstyle.checks.FinalParametersCheck"/>
<error line="87" column="30" severity="warning" message="&apos;role&apos; hides a field." source="com.puppycrawl.tools.checkstyle.checks.coding.HiddenFieldCheck"/>
<error line="91" column="5" severity="warning" message="Method &apos;getPassword&apos; is not designed for extension - needs to be abstract, final or empty." source="com.puppycrawl.tools.checkstyle.checks.design.DesignForExtensionCheck"/>
<error line="95" column="5" severity="warning" message="Method &apos;setPassword&apos; is not designed for extension - needs to be abstract, final or empty." source="com.puppycrawl.tools.checkstyle.checks.design.DesignForExtensionCheck"/>
<error line="95" column="29" severity="warning" message="Parameter password should be final." source="com.puppycrawl.tools.checkstyle.checks.FinalParametersCheck"/>
<error line="95" column="36" severity="warning" message="&apos;password&apos; hides a field." source="com.puppycrawl.tools.checkstyle.checks.coding.HiddenFieldCheck"/>
<error line="100" column="5" severity="warning" message="Method &apos;equals&apos; is not designed for extension - needs to be abstract, final or empty." source="com.puppycrawl.tools.checkstyle.checks.design.DesignForExtensionCheck"/>
<error line="101" column="27" severity="warning" message="Parameter o should be final." source="com.puppycrawl.tools.checkstyle.checks.FinalParametersCheck"/>
<error line="102" severity="warning" message="&apos;if&apos; construct must use &apos;{}&apos;s." source="com.puppycrawl.tools.checkstyle.checks.blocks.NeedBracesCheck"/>
<error line="103" severity="warning" message="&apos;if&apos; construct must use &apos;{}&apos;s." source="com.puppycrawl.tools.checkstyle.checks.blocks.NeedBracesCheck"/>
<error line="108" column="5" severity="warning" message="Method &apos;hashCode&apos; is not designed for extension - needs to be abstract, final or empty." source="com.puppycrawl.tools.checkstyle.checks.design.DesignForExtensionCheck"/>
</file>
<file name="D:\FACULTATE\ANIV\DS\assignment2\user_ms\src\main\java\ro\tuc\ds2020\dtos\PersonDTO.java">
<error line="24" column="22" severity="warning" message="Parameter id should be final." source="com.puppycrawl.tools.checkstyle.checks.FinalParametersCheck"/>
<error line="24" column="26" severity="warning" message="&apos;id&apos; hides a field." source="com.puppycrawl.tools.checkstyle.checks.coding.HiddenFieldCheck"/>
<error line="24" column="30" severity="warning" message="Parameter firstName should be final." source="com.puppycrawl.tools.checkstyle.checks.FinalParametersCheck"/>
<error line="24" column="37" severity="warning" message="&apos;firstName&apos; hides a field." source="com.puppycrawl.tools.checkstyle.checks.coding.HiddenFieldCheck"/>
<error line="24" column="48" severity="warning" message="Parameter lastName should be final." source="com.puppycrawl.tools.checkstyle.checks.FinalParametersCheck"/>
<error line="24" column="55" severity="warning" message="&apos;lastName&apos; hides a field." source="com.puppycrawl.tools.checkstyle.checks.coding.HiddenFieldCheck"/>
<error line="24" column="65" severity="warning" message="Parameter username should be final." source="com.puppycrawl.tools.checkstyle.checks.FinalParametersCheck"/>
<error line="24" column="72" severity="warning" message="&apos;username&apos; hides a field." source="com.puppycrawl.tools.checkstyle.checks.coding.HiddenFieldCheck"/>
<error line="24" column="82" severity="warning" message="Parameter role should be final." source="com.puppycrawl.tools.checkstyle.checks.FinalParametersCheck"/>
<error line="24" column="87" severity="warning" message="&apos;role&apos; hides a field." source="com.puppycrawl.tools.checkstyle.checks.coding.HiddenFieldCheck"/>
<error line="24" column="93" severity="warning" message="Parameter passwordHash should be final." source="com.puppycrawl.tools.checkstyle.checks.FinalParametersCheck"/>
<error line="24" column="100" severity="warning" message="&apos;passwordHash&apos; hides a field." source="com.puppycrawl.tools.checkstyle.checks.coding.HiddenFieldCheck"/>
<error line="33" column="5" severity="warning" message="Method &apos;getId&apos; is not designed for extension - needs to be abstract, final or empty." source="com.puppycrawl.tools.checkstyle.checks.design.DesignForExtensionCheck"/>
<error line="37" column="5" severity="warning" message="Method &apos;setId&apos; is not designed for extension - needs to be abstract, final or empty." source="com.puppycrawl.tools.checkstyle.checks.design.DesignForExtensionCheck"/>
<error line="37" column="23" severity="warning" message="Parameter id should be final." source="com.puppycrawl.tools.checkstyle.checks.FinalParametersCheck"/>
<error line="37" column="27" severity="warning" message="&apos;id&apos; hides a field." source="com.puppycrawl.tools.checkstyle.checks.coding.HiddenFieldCheck"/>
<error line="41" column="5" severity="warning" message="Method &apos;getFirstName&apos; is not designed for extension - needs to be abstract, final or empty." source="com.puppycrawl.tools.checkstyle.checks.design.DesignForExtensionCheck"/>
<error line="45" column="5" severity="warning" message="Method &apos;setFirstName&apos; is not designed for extension - needs to be abstract, final or empty." source="com.puppycrawl.tools.checkstyle.checks.design.DesignForExtensionCheck"/>
<error line="45" column="30" severity="warning" message="Parameter firstName should be final." source="com.puppycrawl.tools.checkstyle.checks.FinalParametersCheck"/>
<error line="45" column="37" severity="warning" message="&apos;firstName&apos; hides a field." source="com.puppycrawl.tools.checkstyle.checks.coding.HiddenFieldCheck"/>
<error line="49" column="5" severity="warning" message="Method &apos;getLastName&apos; is not designed for extension - needs to be abstract, final or empty." source="com.puppycrawl.tools.checkstyle.checks.design.DesignForExtensionCheck"/>
<error line="53" column="5" severity="warning" message="Method &apos;setLastName&apos; is not designed for extension - needs to be abstract, final or empty." source="com.puppycrawl.tools.checkstyle.checks.design.DesignForExtensionCheck"/>
<error line="53" column="29" severity="warning" message="Parameter lastName should be final." source="com.puppycrawl.tools.checkstyle.checks.FinalParametersCheck"/>
<error line="53" column="36" severity="warning" message="&apos;lastName&apos; hides a field." source="com.puppycrawl.tools.checkstyle.checks.coding.HiddenFieldCheck"/>
<error line="57" column="5" severity="warning" message="Method &apos;getRole&apos; is not designed for extension - needs to be abstract, final or empty." source="com.puppycrawl.tools.checkstyle.checks.design.DesignForExtensionCheck"/>
<error line="61" column="5" severity="warning" message="Method &apos;setRole&apos; is not designed for extension - needs to be abstract, final or empty." source="com.puppycrawl.tools.checkstyle.checks.design.DesignForExtensionCheck"/>
<error line="61" column="25" severity="warning" message="Parameter role should be final." source="com.puppycrawl.tools.checkstyle.checks.FinalParametersCheck"/>
<error line="61" column="30" severity="warning" message="&apos;role&apos; hides a field." source="com.puppycrawl.tools.checkstyle.checks.coding.HiddenFieldCheck"/>
<error line="65" column="5" severity="warning" message="Method &apos;getPasswordHash&apos; is not designed for extension - needs to be abstract, final or empty." source="com.puppycrawl.tools.checkstyle.checks.design.DesignForExtensionCheck"/>
<error line="69" column="5" severity="warning" message="Method &apos;setPasswordHash&apos; is not designed for extension - needs to be abstract, final or empty." source="com.puppycrawl.tools.checkstyle.checks.design.DesignForExtensionCheck"/>
<error line="69" column="33" severity="warning" message="Parameter passwordHash should be final." source="com.puppycrawl.tools.checkstyle.checks.FinalParametersCheck"/>
<error line="69" column="40" severity="warning" message="&apos;passwordHash&apos; hides a field." source="com.puppycrawl.tools.checkstyle.checks.coding.HiddenFieldCheck"/>
<error line="73" column="5" severity="warning" message="Method &apos;equals&apos; is not designed for extension - needs to be abstract, final or empty." source="com.puppycrawl.tools.checkstyle.checks.design.DesignForExtensionCheck"/>
<error line="74" column="27" severity="warning" message="Parameter o should be final." source="com.puppycrawl.tools.checkstyle.checks.FinalParametersCheck"/>
<error line="75" severity="warning" message="&apos;if&apos; construct must use &apos;{}&apos;s." source="com.puppycrawl.tools.checkstyle.checks.blocks.NeedBracesCheck"/>
<error line="76" severity="warning" message="&apos;if&apos; construct must use &apos;{}&apos;s." source="com.puppycrawl.tools.checkstyle.checks.blocks.NeedBracesCheck"/>
<error line="77" severity="warning" message="&apos;if&apos; construct must use &apos;{}&apos;s." source="com.puppycrawl.tools.checkstyle.checks.blocks.NeedBracesCheck"/>
<error line="82" column="5" severity="warning" message="Method &apos;hashCode&apos; is not designed for extension - needs to be abstract, final or empty." source="com.puppycrawl.tools.checkstyle.checks.design.DesignForExtensionCheck"/>
</file>
<file name="D:\FACULTATE\ANIV\DS\assignment2\user_ms\src\main\java\ro\tuc\ds2020\dtos\RoleDTO.java">
<error line="9" column="20" severity="warning" message="Parameter id should be final." source="com.puppycrawl.tools.checkstyle.checks.FinalParametersCheck"/>
<error line="9" column="24" severity="warning" message="&apos;id&apos; hides a field." source="com.puppycrawl.tools.checkstyle.checks.coding.HiddenFieldCheck"/>
<error line="9" column="28" severity="warning" message="Parameter name should be final." source="com.puppycrawl.tools.checkstyle.checks.FinalParametersCheck"/>
<error line="9" column="35" severity="warning" message="&apos;name&apos; hides a field." source="com.puppycrawl.tools.checkstyle.checks.coding.HiddenFieldCheck"/>
<error line="14" column="5" severity="warning" message="Method &apos;getId&apos; is not designed for extension - needs to be abstract, final or empty." source="com.puppycrawl.tools.checkstyle.checks.design.DesignForExtensionCheck"/>
<error line="18" column="5" severity="warning" message="Method &apos;setId&apos; is not designed for extension - needs to be abstract, final or empty." source="com.puppycrawl.tools.checkstyle.checks.design.DesignForExtensionCheck"/>
<error line="18" column="23" severity="warning" message="Parameter id should be final." source="com.puppycrawl.tools.checkstyle.checks.FinalParametersCheck"/>
<error line="18" column="27" severity="warning" message="&apos;id&apos; hides a field." source="com.puppycrawl.tools.checkstyle.checks.coding.HiddenFieldCheck"/>
<error line="22" column="5" severity="warning" message="Method &apos;getName&apos; is not designed for extension - needs to be abstract, final or empty." source="com.puppycrawl.tools.checkstyle.checks.design.DesignForExtensionCheck"/>
<error line="26" column="5" severity="warning" message="Method &apos;setName&apos; is not designed for extension - needs to be abstract, final or empty." source="com.puppycrawl.tools.checkstyle.checks.design.DesignForExtensionCheck"/>
<error line="26" column="25" severity="warning" message="Parameter name should be final." source="com.puppycrawl.tools.checkstyle.checks.FinalParametersCheck"/>
<error line="26" column="32" severity="warning" message="&apos;name&apos; hides a field." source="com.puppycrawl.tools.checkstyle.checks.coding.HiddenFieldCheck"/>
</file>
<file name="D:\FACULTATE\ANIV\DS\assignment2\user_ms\src\main\java\ro\tuc\ds2020\dtos\validators\AgeValidator.java">
<error line="14" column="5" severity="warning" message="Method &apos;initialize&apos; is not designed for extension - needs to be abstract, final or empty." source="com.puppycrawl.tools.checkstyle.checks.design.DesignForExtensionCheck"/>
<error line="15" column="28" severity="warning" message="Parameter constraintAnnotation should be final." source="com.puppycrawl.tools.checkstyle.checks.FinalParametersCheck"/>
<error line="19" column="5" severity="warning" message="Method &apos;isValid&apos; is not designed for extension - needs to be abstract, final or empty." source="com.puppycrawl.tools.checkstyle.checks.design.DesignForExtensionCheck"/>
<error line="20" column="28" severity="warning" message="Parameter inputAge should be final." source="com.puppycrawl.tools.checkstyle.checks.FinalParametersCheck"/>
<error line="20" column="46" severity="warning" message="Parameter constraintValidatorContext should be final." source="com.puppycrawl.tools.checkstyle.checks.FinalParametersCheck"/>
</file>
<file name="D:\FACULTATE\ANIV\DS\assignment2\user_ms\src\main\java\ro\tuc\ds2020\dtos\validators\annotation\AgeLimit.java">
<error line="15" column="25" severity="warning" message="&apos;120&apos; is a magic number." source="com.puppycrawl.tools.checkstyle.checks.coding.MagicNumberCheck"/>
</file>
<file name="D:\FACULTATE\ANIV\DS\assignment2\user_ms\src\main\java\ro\tuc\ds2020\dtos\validators\annotation\AllowAdministrator.java">
</file>
<file name="D:\FACULTATE\ANIV\DS\assignment2\user_ms\src\main\java\ro\tuc\ds2020\dtos\validators\annotation\AllowAdministratorClient.java">
</file>
<file name="D:\FACULTATE\ANIV\DS\assignment2\user_ms\src\main\java\ro\tuc\ds2020\dtos\validators\annotation\AllowClient.java">
</file>
<file name="D:\FACULTATE\ANIV\DS\assignment2\user_ms\src\main\java\ro\tuc\ds2020\entities\Person.java">
<error line="26" column="97" severity="warning" message="&apos;50&apos; is a magic number." source="com.puppycrawl.tools.checkstyle.checks.coding.MagicNumberCheck"/>
<error line="52" column="19" severity="warning" message="Parameter firstName should be final." source="com.puppycrawl.tools.checkstyle.checks.FinalParametersCheck"/>
<error line="52" column="26" severity="warning" message="&apos;firstName&apos; hides a field." source="com.puppycrawl.tools.checkstyle.checks.coding.HiddenFieldCheck"/>
<error line="52" column="37" severity="warning" message="Parameter lastName should be final." source="com.puppycrawl.tools.checkstyle.checks.FinalParametersCheck"/>
<error line="52" column="44" severity="warning" message="&apos;lastName&apos; hides a field." source="com.puppycrawl.tools.checkstyle.checks.coding.HiddenFieldCheck"/>
<error line="52" column="54" severity="warning" message="Parameter userName should be final." source="com.puppycrawl.tools.checkstyle.checks.FinalParametersCheck"/>
<error line="52" column="71" severity="warning" message="Parameter email should be final." source="com.puppycrawl.tools.checkstyle.checks.FinalParametersCheck"/>
<error line="52" column="78" severity="warning" message="&apos;email&apos; hides a field." source="com.puppycrawl.tools.checkstyle.checks.coding.HiddenFieldCheck"/>
<error line="52" column="85" severity="warning" message="Parameter address should be final." source="com.puppycrawl.tools.checkstyle.checks.FinalParametersCheck"/>
<error line="52" column="92" severity="warning" message="&apos;address&apos; hides a field." source="com.puppycrawl.tools.checkstyle.checks.coding.HiddenFieldCheck"/>
<error line="52" column="101" severity="warning" message="Parameter role should be final." source="com.puppycrawl.tools.checkstyle.checks.FinalParametersCheck"/>
<error line="52" column="106" severity="warning" message="&apos;role&apos; hides a field." source="com.puppycrawl.tools.checkstyle.checks.coding.HiddenFieldCheck"/>
<error line="52" column="112" severity="warning" message="Parameter passwordHash should be final." source="com.puppycrawl.tools.checkstyle.checks.FinalParametersCheck"/>
<error line="52" column="119" severity="warning" message="&apos;passwordHash&apos; hides a field." source="com.puppycrawl.tools.checkstyle.checks.coding.HiddenFieldCheck"/>
<error line="62" column="5" severity="warning" message="Method &apos;getFirstName&apos; is not designed for extension - needs to be abstract, final or empty." source="com.puppycrawl.tools.checkstyle.checks.design.DesignForExtensionCheck"/>
<error line="66" column="5" severity="warning" message="Method &apos;setFirstName&apos; is not designed for extension - needs to be abstract, final or empty." source="com.puppycrawl.tools.checkstyle.checks.design.DesignForExtensionCheck"/>
<error line="66" column="30" severity="warning" message="Parameter firstName should be final." source="com.puppycrawl.tools.checkstyle.checks.FinalParametersCheck"/>
<error line="66" column="37" severity="warning" message="&apos;firstName&apos; hides a field." source="com.puppycrawl.tools.checkstyle.checks.coding.HiddenFieldCheck"/>
<error line="70" column="5" severity="warning" message="Method &apos;getLastName&apos; is not designed for extension - needs to be abstract, final or empty." source="com.puppycrawl.tools.checkstyle.checks.design.DesignForExtensionCheck"/>
<error line="74" column="5" severity="warning" message="Method &apos;setLastName&apos; is not designed for extension - needs to be abstract, final or empty." source="com.puppycrawl.tools.checkstyle.checks.design.DesignForExtensionCheck"/>
<error line="74" column="29" severity="warning" message="Parameter lastName should be final." source="com.puppycrawl.tools.checkstyle.checks.FinalParametersCheck"/>
<error line="74" column="36" severity="warning" message="&apos;lastName&apos; hides a field." source="com.puppycrawl.tools.checkstyle.checks.coding.HiddenFieldCheck"/>
<error line="78" column="5" severity="warning" message="Method &apos;setUsername&apos; is not designed for extension - needs to be abstract, final or empty." source="com.puppycrawl.tools.checkstyle.checks.design.DesignForExtensionCheck"/>
<error line="78" column="29" severity="warning" message="Parameter userName should be final." source="com.puppycrawl.tools.checkstyle.checks.FinalParametersCheck"/>
<error line="82" column="5" severity="warning" message="Method &apos;getEmail&apos; is not designed for extension - needs to be abstract, final or empty." source="com.puppycrawl.tools.checkstyle.checks.design.DesignForExtensionCheck"/>
<error line="86" column="5" severity="warning" message="Method &apos;setEmail&apos; is not designed for extension - needs to be abstract, final or empty." source="com.puppycrawl.tools.checkstyle.checks.design.DesignForExtensionCheck"/>
<error line="86" column="26" severity="warning" message="Parameter email should be final." source="com.puppycrawl.tools.checkstyle.checks.FinalParametersCheck"/>
<error line="86" column="33" severity="warning" message="&apos;email&apos; hides a field." source="com.puppycrawl.tools.checkstyle.checks.coding.HiddenFieldCheck"/>
<error line="90" column="5" severity="warning" message="Method &apos;getAddress&apos; is not designed for extension - needs to be abstract, final or empty." source="com.puppycrawl.tools.checkstyle.checks.design.DesignForExtensionCheck"/>
<error line="94" column="5" severity="warning" message="Method &apos;setAddress&apos; is not designed for extension - needs to be abstract, final or empty." source="com.puppycrawl.tools.checkstyle.checks.design.DesignForExtensionCheck"/>
<error line="94" column="28" severity="warning" message="Parameter address should be final." source="com.puppycrawl.tools.checkstyle.checks.FinalParametersCheck"/>
<error line="94" column="35" severity="warning" message="&apos;address&apos; hides a field." source="com.puppycrawl.tools.checkstyle.checks.coding.HiddenFieldCheck"/>
<error line="98" column="5" severity="warning" message="Method &apos;getRole&apos; is not designed for extension - needs to be abstract, final or empty." source="com.puppycrawl.tools.checkstyle.checks.design.DesignForExtensionCheck"/>
<error line="102" column="5" severity="warning" message="Method &apos;setRole&apos; is not designed for extension - needs to be abstract, final or empty." source="com.puppycrawl.tools.checkstyle.checks.design.DesignForExtensionCheck"/>
<error line="102" column="25" severity="warning" message="Parameter role should be final." source="com.puppycrawl.tools.checkstyle.checks.FinalParametersCheck"/>
<error line="102" column="30" severity="warning" message="&apos;role&apos; hides a field." source="com.puppycrawl.tools.checkstyle.checks.coding.HiddenFieldCheck"/>
<error line="105" column="5" severity="warning" message="Method &apos;getId&apos; is not designed for extension - needs to be abstract, final or empty." source="com.puppycrawl.tools.checkstyle.checks.design.DesignForExtensionCheck"/>
<error line="109" column="5" severity="warning" message="Method &apos;setId&apos; is not designed for extension - needs to be abstract, final or empty." source="com.puppycrawl.tools.checkstyle.checks.design.DesignForExtensionCheck"/>
<error line="109" column="23" severity="warning" message="Parameter id should be final." source="com.puppycrawl.tools.checkstyle.checks.FinalParametersCheck"/>
<error line="109" column="27" severity="warning" message="&apos;id&apos; hides a field." source="com.puppycrawl.tools.checkstyle.checks.coding.HiddenFieldCheck"/>
<error line="113" column="5" severity="warning" message="Method &apos;getPasswordHash&apos; is not designed for extension - needs to be abstract, final or empty." source="com.puppycrawl.tools.checkstyle.checks.design.DesignForExtensionCheck"/>
<error line="117" column="5" severity="warning" message="Method &apos;setPasswordHash&apos; is not designed for extension - needs to be abstract, final or empty." source="com.puppycrawl.tools.checkstyle.checks.design.DesignForExtensionCheck"/>
<error line="117" column="33" severity="warning" message="Parameter passwordHash should be final." source="com.puppycrawl.tools.checkstyle.checks.FinalParametersCheck"/>
<error line="117" column="40" severity="warning" message="&apos;passwordHash&apos; hides a field." source="com.puppycrawl.tools.checkstyle.checks.coding.HiddenFieldCheck"/>
<error line="121" column="5" severity="warning" message="Method &apos;getAuthorities&apos; is not designed for extension - needs to be abstract, final or empty." source="com.puppycrawl.tools.checkstyle.checks.design.DesignForExtensionCheck"/>
<error line="126" column="5" severity="warning" message="Method &apos;getPassword&apos; is not designed for extension - needs to be abstract, final or empty." source="com.puppycrawl.tools.checkstyle.checks.design.DesignForExtensionCheck"/>
<error line="131" column="5" severity="warning" message="Method &apos;getUsername&apos; is not designed for extension - needs to be abstract, final or empty." source="com.puppycrawl.tools.checkstyle.checks.design.DesignForExtensionCheck"/>
<error line="135" column="5" severity="warning" message="Method &apos;isAccountNonExpired&apos; is not designed for extension - needs to be abstract, final or empty." source="com.puppycrawl.tools.checkstyle.checks.design.DesignForExtensionCheck"/>
<error line="140" column="5" severity="warning" message="Method &apos;isAccountNonLocked&apos; is not designed for extension - needs to be abstract, final or empty." source="com.puppycrawl.tools.checkstyle.checks.design.DesignForExtensionCheck"/>
<error line="145" column="5" severity="warning" message="Method &apos;isCredentialsNonExpired&apos; is not designed for extension - needs to be abstract, final or empty." source="com.puppycrawl.tools.checkstyle.checks.design.DesignForExtensionCheck"/>
<error line="150" column="5" severity="warning" message="Method &apos;isEnabled&apos; is not designed for extension - needs to be abstract, final or empty." source="com.puppycrawl.tools.checkstyle.checks.design.DesignForExtensionCheck"/>
</file>
<file name="D:\FACULTATE\ANIV\DS\assignment2\user_ms\src\main\java\ro\tuc\ds2020\entities\Role.java">
<error line="19" column="17" severity="warning" message="Parameter id should be final." source="com.puppycrawl.tools.checkstyle.checks.FinalParametersCheck"/>
<error line="19" column="21" severity="warning" message="&apos;id&apos; hides a field." source="com.puppycrawl.tools.checkstyle.checks.coding.HiddenFieldCheck"/>
<error line="19" column="25" severity="warning" message="Parameter name should be final." source="com.puppycrawl.tools.checkstyle.checks.FinalParametersCheck"/>
<error line="19" column="32" severity="warning" message="&apos;name&apos; hides a field." source="com.puppycrawl.tools.checkstyle.checks.coding.HiddenFieldCheck"/>
<error line="25" column="5" severity="warning" message="Method &apos;getName&apos; is not designed for extension - needs to be abstract, final or empty." source="com.puppycrawl.tools.checkstyle.checks.design.DesignForExtensionCheck"/>
<error line="29" column="5" severity="warning" message="Method &apos;setName&apos; is not designed for extension - needs to be abstract, final or empty." source="com.puppycrawl.tools.checkstyle.checks.design.DesignForExtensionCheck"/>
<error line="29" column="25" severity="warning" message="Parameter name should be final." source="com.puppycrawl.tools.checkstyle.checks.FinalParametersCheck"/>
<error line="29" column="32" severity="warning" message="&apos;name&apos; hides a field." source="com.puppycrawl.tools.checkstyle.checks.coding.HiddenFieldCheck"/>
<error line="32" column="5" severity="warning" message="Method &apos;getId&apos; is not designed for extension - needs to be abstract, final or empty." source="com.puppycrawl.tools.checkstyle.checks.design.DesignForExtensionCheck"/>
<error line="36" column="5" severity="warning" message="Method &apos;setId&apos; is not designed for extension - needs to be abstract, final or empty." source="com.puppycrawl.tools.checkstyle.checks.design.DesignForExtensionCheck"/>
<error line="36" column="23" severity="warning" message="Parameter id should be final." source="com.puppycrawl.tools.checkstyle.checks.FinalParametersCheck"/>
<error line="36" column="27" severity="warning" message="&apos;id&apos; hides a field." source="com.puppycrawl.tools.checkstyle.checks.coding.HiddenFieldCheck"/>
</file>
<file name="D:\FACULTATE\ANIV\DS\assignment2\user_ms\src\main\java\ro\tuc\ds2020\repositories\PersonRepository.java">
</file>
<file name="D:\FACULTATE\ANIV\DS\assignment2\user_ms\src\main\java\ro\tuc\ds2020\repositories\RoleRepository.java">
</file>
<file name="D:\FACULTATE\ANIV\DS\assignment2\user_ms\src\main\java\ro\tuc\ds2020\services\PersonService.java">
<error line="6" column="8" severity="warning" message="Unused import - org.springframework.beans.factory.annotation.Autowired." source="com.puppycrawl.tools.checkstyle.checks.imports.UnusedImportsCheck"/>
<error line="8" column="8" severity="warning" message="Unused import - org.springframework.security.authentication.UsernamePasswordAuthenticationToken." source="com.puppycrawl.tools.checkstyle.checks.imports.UnusedImportsCheck"/>
<error line="9" column="8" severity="warning" message="Unused import - org.springframework.security.core.Authentication." source="com.puppycrawl.tools.checkstyle.checks.imports.UnusedImportsCheck"/>
<error line="10" column="8" severity="warning" message="Unused import - org.springframework.security.core.context.SecurityContextHolder." source="com.puppycrawl.tools.checkstyle.checks.imports.UnusedImportsCheck"/>
<error line="35" column="5" severity="warning" message="Method &apos;findPersons&apos; is not designed for extension - needs to be abstract, final or empty." source="com.puppycrawl.tools.checkstyle.checks.design.DesignForExtensionCheck"/>
<error line="42" column="5" severity="warning" message="Method &apos;findPersonById&apos; is not designed for extension - needs to be abstract, final or empty." source="com.puppycrawl.tools.checkstyle.checks.design.DesignForExtensionCheck"/>
<error line="42" column="44" severity="warning" message="Parameter id should be final." source="com.puppycrawl.tools.checkstyle.checks.FinalParametersCheck"/>
<error line="51" column="5" severity="warning" message="Method &apos;insert&apos; is not designed for extension - needs to be abstract, final or empty." source="com.puppycrawl.tools.checkstyle.checks.design.DesignForExtensionCheck"/>
<error line="51" column="33" severity="warning" message="Parameter personDTO should be final." source="com.puppycrawl.tools.checkstyle.checks.FinalParametersCheck"/>
<error line="59" column="5" severity="warning" message="Method &apos;update&apos; is not designed for extension - needs to be abstract, final or empty." source="com.puppycrawl.tools.checkstyle.checks.design.DesignForExtensionCheck"/>
<error line="59" column="24" severity="warning" message="Parameter id should be final." source="com.puppycrawl.tools.checkstyle.checks.FinalParametersCheck"/>
<error line="59" column="32" severity="warning" message="Parameter updatedPersonDTO should be final." source="com.puppycrawl.tools.checkstyle.checks.FinalParametersCheck"/>
<error line="81" column="5" severity="warning" message="Method &apos;delete&apos; is not designed for extension - needs to be abstract, final or empty." source="com.puppycrawl.tools.checkstyle.checks.design.DesignForExtensionCheck"/>
<error line="81" column="27" severity="warning" message="Parameter id should be final." source="com.puppycrawl.tools.checkstyle.checks.FinalParametersCheck"/>
<error line="93" column="5" severity="warning" message="Method &apos;login&apos; is not designed for extension - needs to be abstract, final or empty." source="com.puppycrawl.tools.checkstyle.checks.design.DesignForExtensionCheck"/>
<error line="93" column="32" severity="warning" message="Parameter username should be final." source="com.puppycrawl.tools.checkstyle.checks.FinalParametersCheck"/>
<error line="93" column="49" severity="warning" message="Parameter password should be final." source="com.puppycrawl.tools.checkstyle.checks.FinalParametersCheck"/>
<error line="106" column="37" severity="warning" message="Parameter inputPassword should be final." source="com.puppycrawl.tools.checkstyle.checks.FinalParametersCheck"/>
<error line="106" column="59" severity="warning" message="Parameter storedPassword should be final." source="com.puppycrawl.tools.checkstyle.checks.FinalParametersCheck"/>
</file>
<file name="D:\FACULTATE\ANIV\DS\assignment2\user_ms\src\main\java\ro\tuc\ds2020\services\RoleService.java">
<error line="21" column="24" severity="warning" message="Parameter roleRepository should be final." source="com.puppycrawl.tools.checkstyle.checks.FinalParametersCheck"/>
<error line="21" column="39" severity="warning" message="&apos;roleRepository&apos; hides a field." source="com.puppycrawl.tools.checkstyle.checks.coding.HiddenFieldCheck"/>
<error line="25" column="5" severity="warning" message="Method &apos;insert&apos; is not designed for extension - needs to be abstract, final or empty." source="com.puppycrawl.tools.checkstyle.checks.design.DesignForExtensionCheck"/>
<error line="25" column="23" severity="warning" message="Parameter roleDTO should be final." source="com.puppycrawl.tools.checkstyle.checks.FinalParametersCheck"/>
<error line="32" column="5" severity="warning" message="Method &apos;findRoles&apos; is not designed for extension - needs to be abstract, final or empty." source="com.puppycrawl.tools.checkstyle.checks.design.DesignForExtensionCheck"/>
<error line="39" column="5" severity="warning" message="Method &apos;delete&apos; is not designed for extension - needs to be abstract, final or empty." source="com.puppycrawl.tools.checkstyle.checks.design.DesignForExtensionCheck"/>
<error line="39" column="27" severity="warning" message="Parameter id should be final." source="com.puppycrawl.tools.checkstyle.checks.FinalParametersCheck"/>
</file>
<file name="D:\FACULTATE\ANIV\DS\assignment2\user_ms\src\main\resources\application.properties">
</file>
</checkstyle>
